   1               		.file	"polling.c"
   2               	__SREG__ = 0x3f
   3               	__SP_H__ = 0x3e
   4               	__SP_L__ = 0x3d
   5               	__CCP__ = 0x34
   6               	__tmp_reg__ = 0
   7               	__zero_reg__ = 1
  15               	.Ltext0:
  16               	.global	uart0_init
  18               	uart0_init:
  19               	.LFB6:
  20               	.LM1:
  21               	/* prologue: function */
  22               	/* frame size = 0 */
  23               	/* stack size = 0 */
  24               	.L__stack_usage = 0
  25               	.LM2:
  26 0000 1092 9000 		sts 144,__zero_reg__
  27               	.LM3:
  28 0004 87E6      		ldi r24,lo8(103)
  29 0006 89B9      		out 41-32,r24
  30               	.LM4:
  31 0008 86E0      		ldi r24,lo8(6)
  32 000a 8093 9500 		sts 149,r24
  33               	.LM5:
  34 000e 8AB1      		in r24,42-32
  35 0010 8861      		ori r24,lo8(24)
  36 0012 8AB9      		out 42-32,r24
  37               	/* epilogue start */
  38               	.LM6:
  39 0014 0895      		ret
  40               	.LFE6:
  42               	.global	uart0_tx_char
  44               	uart0_tx_char:
  45               	.LFB7:
  46               	.LM7:
  47               	/* prologue: function */
  48               	/* frame size = 0 */
  49               	/* stack size = 0 */
  50               	.L__stack_usage = 0
  51               	.LVL0:
  52               	.L3:
  53               	.LM8:
  54 0016 5D9B      		sbis 43-32,5
  55 0018 00C0      		rjmp .L3
  56               	.LM9:
  57 001a 8CB9      		out 44-32,r24
  58               	/* epilogue start */
  59               	.LM10:
  60 001c 0895      		ret
  61               	.LFE7:
  63               	.global	uart0_tx_str
  65               	uart0_tx_str:
  66               	.LFB8:
  67               	.LM11:
  68               	.LVL1:
  69 001e EF92      		push r14
  70 0020 FF92      		push r15
  71 0022 CF93      		push r28
  72 0024 DF93      		push r29
  73               	/* prologue: function */
  74               	/* frame size = 0 */
  75               	/* stack size = 4 */
  76               	.L__stack_usage = 4
  77               	.LM12:
  78 0026 E82E      		mov r14,r24
  79 0028 E701      		movw r28,r14
  80 002a 7E01      		movw r14,r28
  81 002c F92E      		mov r15,r25
  82 002e E701      		movw r28,r14
  83               	.LM13:
  84 0030 00C0      		rjmp .L6
  85               	.LVL2:
  86               	.L7:
  87               	.LM14:
  88 0032 0E94 0000 		call uart0_tx_char
  89               	.L6:
  90               	.LM15:
  91 0036 8991      		ld r24,Y+
  92 0038 8823      		tst r24
  93 003a 01F4      		brne .L7
  94               	/* epilogue start */
  95               	.LM16:
  96 003c DF91      		pop r29
  97 003e CF91      		pop r28
  98 0040 FF90      		pop r15
  99 0042 EF90      		pop r14
 100 0044 0895      		ret
 101               	.LFE8:
 103               	.global	uart0_tx_num
 105               	uart0_tx_num:
 106               	.LFB9:
 107               	.LM17:
 108               	.LVL3:
 109 0046 EF92      		push r14
 110 0048 FF92      		push r15
 111 004a 0F93      		push r16
 112 004c 1F93      		push r17
 113 004e DF93      		push r29
 114 0050 CF93      		push r28
 115 0052 00D0      		rcall .
 116 0054 00D0      		rcall .
 117 0056 0F92      		push __tmp_reg__
 118 0058 CDB7      		in r28,__SP_L__
 119 005a DEB7      		in r29,__SP_H__
 120               	/* prologue: function */
 121               	/* frame size = 5 */
 122               	/* stack size = 11 */
 123               	.L__stack_usage = 11
 124               	.LVL4:
 125               	.LM18:
 126 005c FE01      		movw r30,r28
 127 005e 3296      		adiw r30,2
 128               	.LM19:
 129 0060 8E01      		movw r16,r28
 130 0062 095F      		subi r16,lo8(-(7))
 131 0064 1F4F      		sbci r17,hi8(-(7))
 132               	.LM20:
 133 0066 2AE0      		ldi r18,lo8(10)
 134 0068 30E0      		ldi r19,hi8(10)
 135               	.LVL5:
 136               	.L9:
 137               	.LM21:
 138 006a B901      		movw r22,r18
 139 006c 0E94 0000 		call __udivmodhi4
 140 0070 8193      		st Z+,r24
 141               	.LM22:
 142 0072 CB01      		movw r24,r22
 143               	.LVL6:
 144               	.LM23:
 145 0074 E017      		cp r30,r16
 146 0076 F107      		cpc r31,r17
 147 0078 01F4      		brne .L9
 148               	.LVL7:
 149               	.LM24:
 150 007a 8E01      		movw r16,r28
 151 007c 095F      		subi r16,lo8(-(7))
 152 007e 1F4F      		sbci r17,hi8(-(7))
 153               	.LM25:
 154 0080 7E01      		movw r14,r28
 155 0082 0894      		sec
 156 0084 E11C      		adc r14,__zero_reg__
 157 0086 F11C      		adc r15,__zero_reg__
 158 0088 0894      		sec
 159 008a E11C      		adc r14,__zero_reg__
 160 008c F11C      		adc r15,__zero_reg__
 161               	.LVL8:
 162               	.L10:
 163               	.LM26:
 164 008e F801      		movw r30,r16
 165 0090 8291      		ld r24,-Z
 166 0092 8F01      		movw r16,r30
 167 0094 805D      		subi r24,lo8(-(48))
 168 0096 0E94 0000 		call uart0_tx_char
 169               	.LM27:
 170 009a 0E15      		cp r16,r14
 171 009c 1F05      		cpc r17,r15
 172 009e 01F4      		brne .L10
 173               	/* epilogue start */
 174               	.LM28:
 175 00a0 0F90      		pop __tmp_reg__
 176 00a2 0F90      		pop __tmp_reg__
 177 00a4 0F90      		pop __tmp_reg__
 178 00a6 0F90      		pop __tmp_reg__
 179 00a8 0F90      		pop __tmp_reg__
 180 00aa CF91      		pop r28
 181 00ac DF91      		pop r29
 182 00ae 1F91      		pop r17
 183 00b0 0F91      		pop r16
 184 00b2 FF90      		pop r15
 185 00b4 EF90      		pop r14
 186 00b6 0895      		ret
 187               	.LFE9:
 189               	.global	uart0_rx_char
 191               	uart0_rx_char:
 192               	.LFB10:
 193               	.LM29:
 194               	/* prologue: function */
 195               	/* frame size = 0 */
 196               	/* stack size = 0 */
 197               	.L__stack_usage = 0
 198               	.L14:
 199               	.LM30:
 200 00b8 5F9B      		sbis 43-32,7
 201 00ba 00C0      		rjmp .L14
 202               	.LM31:
 203 00bc 8CB1      		in r24,44-32
 204               	/* epilogue start */
 205               	.LM32:
 206 00be 0895      		ret
 207               	.LFE10:
 209               	.global	uart0_rx_str
 211               	uart0_rx_str:
 212               	.LFB11:
 213               	.LM33:
 214               	.LVL9:
 215 00c0 EF92      		push r14
 216 00c2 FF92      		push r15
 217 00c4 0F93      		push r16
 218 00c6 1F93      		push r17
 219 00c8 DF93      		push r29
 220 00ca CF93      		push r28
 221 00cc 0F92      		push __tmp_reg__
 222 00ce CDB7      		in r28,__SP_L__
 223 00d0 DEB7      		in r29,__SP_H__
 224               	/* prologue: function */
 225               	/* frame size = 1 */
 226               	/* stack size = 7 */
 227               	.L__stack_usage = 7
 228               	.LVL10:
 229               	.LM34:
 230 00d2 482F      		mov r20,r24
 231 00d4 592F      		mov r21,r25
 232 00d6 7A01      		movw r14,r20
 233 00d8 90E0      		ldi r25,lo8(0)
 234               	.LVL11:
 235               	.L19:
 236 00da 8701      		movw r16,r14
 237               	.LM35:
 238 00dc 9983      		std Y+1,r25
 239 00de 0E94 0000 		call uart0_rx_char
 240 00e2 F701      		movw r30,r14
 241 00e4 8193      		st Z+,r24
 242 00e6 7F01      		movw r14,r30
 243               	.LM36:
 244 00e8 9981      		ldd r25,Y+1
 245 00ea 8D30      		cpi r24,lo8(13)
 246 00ec 01F4      		brne .L17
 247               	.LM37:
 248 00ee F801      		movw r30,r16
 249 00f0 1082      		st Z,__zero_reg__
 250               	.LM38:
 251 00f2 00C0      		rjmp .L16
 252               	.L17:
 253               	.LM39:
 254 00f4 9F5F      		subi r25,lo8(-(1))
 255               	.LVL12:
 256 00f6 9436      		cpi r25,lo8(100)
 257 00f8 01F4      		brne .L19
 258               	.LVL13:
 259               	.L16:
 260               	/* epilogue start */
 261               	.LM40:
 262 00fa 0F90      		pop __tmp_reg__
 263 00fc CF91      		pop r28
 264 00fe DF91      		pop r29
 265 0100 1F91      		pop r17
 266 0102 0F91      		pop r16
 267 0104 FF90      		pop r15
 268 0106 EF90      		pop r14
 269 0108 0895      		ret
 270               	.LFE11:
 272               	.global	uart1_init
 274               	uart1_init:
 275               	.LFB12:
 276               	.LM41:
 277               	/* prologue: function */
 278               	/* frame size = 0 */
 279               	/* stack size = 0 */
 280               	.L__stack_usage = 0
 281               	.LM42:
 282 010a 1092 9800 		sts 152,__zero_reg__
 283               	.LM43:
 284 010e 87E6      		ldi r24,lo8(103)
 285 0110 8093 9900 		sts 153,r24
 286               	.LM44:
 287 0114 EDE9      		ldi r30,lo8(157)
 288 0116 F0E0      		ldi r31,hi8(157)
 289 0118 8081      		ld r24,Z
 290 011a 8660      		ori r24,lo8(6)
 291 011c 8083      		st Z,r24
 292               	.LM45:
 293 011e EAE9      		ldi r30,lo8(154)
 294 0120 F0E0      		ldi r31,hi8(154)
 295 0122 8081      		ld r24,Z
 296 0124 8861      		ori r24,lo8(24)
 297 0126 8083      		st Z,r24
 298               	/* epilogue start */
 299               	.LM46:
 300 0128 0895      		ret
 301               	.LFE12:
 303               	.global	uart1_tx_char
 305               	uart1_tx_char:
 306               	.LFB13:
 307               	.LM47:
 308               	/* prologue: function */
 309               	/* frame size = 0 */
 310               	/* stack size = 0 */
 311               	.L__stack_usage = 0
 312               	.LVL14:
 313               	.L23:
 314               	.LM48:
 315 012a 9091 9B00 		lds r25,155
 316 012e 95FF      		sbrs r25,5
 317 0130 00C0      		rjmp .L23
 318               	.LM49:
 319 0132 8093 9C00 		sts 156,r24
 320               	/* epilogue start */
 321               	.LM50:
 322 0136 0895      		ret
 323               	.LFE13:
 325               	.global	uart1_tx_str
 327               	uart1_tx_str:
 328               	.LFB14:
 329               	.LM51:
 330               	.LVL15:
 331 0138 EF92      		push r14
 332 013a FF92      		push r15
 333 013c CF93      		push r28
 334 013e DF93      		push r29
 335               	/* prologue: function */
 336               	/* frame size = 0 */
 337               	/* stack size = 4 */
 338               	.L__stack_usage = 4
 339               	.LM52:
 340 0140 E82E      		mov r14,r24
 341 0142 E701      		movw r28,r14
 342 0144 7E01      		movw r14,r28
 343 0146 F92E      		mov r15,r25
 344 0148 E701      		movw r28,r14
 345               	.LM53:
 346 014a 00C0      		rjmp .L26
 347               	.LVL16:
 348               	.L27:
 349               	.LM54:
 350 014c 0E94 0000 		call uart1_tx_char
 351               	.L26:
 352               	.LM55:
 353 0150 8991      		ld r24,Y+
 354 0152 8823      		tst r24
 355 0154 01F4      		brne .L27
 356               	/* epilogue start */
 357               	.LM56:
 358 0156 DF91      		pop r29
 359 0158 CF91      		pop r28
 360 015a FF90      		pop r15
 361 015c EF90      		pop r14
 362 015e 0895      		ret
 363               	.LFE14:
 365               	.global	uart1_tx_num
 367               	uart1_tx_num:
 368               	.LFB15:
 369               	.LM57:
 370               	.LVL17:
 371 0160 EF92      		push r14
 372 0162 FF92      		push r15
 373 0164 0F93      		push r16
 374 0166 1F93      		push r17
 375 0168 DF93      		push r29
 376 016a CF93      		push r28
 377 016c 00D0      		rcall .
 378 016e 00D0      		rcall .
 379 0170 0F92      		push __tmp_reg__
 380 0172 CDB7      		in r28,__SP_L__
 381 0174 DEB7      		in r29,__SP_H__
 382               	/* prologue: function */
 383               	/* frame size = 5 */
 384               	/* stack size = 11 */
 385               	.L__stack_usage = 11
 386               	.LVL18:
 387               	.LM58:
 388 0176 FE01      		movw r30,r28
 389 0178 3296      		adiw r30,2
 390               	.LM59:
 391 017a 8E01      		movw r16,r28
 392 017c 0A5F      		subi r16,lo8(-(6))
 393 017e 1F4F      		sbci r17,hi8(-(6))
 394               	.LM60:
 395 0180 2AE0      		ldi r18,lo8(10)
 396 0182 30E0      		ldi r19,hi8(10)
 397               	.LVL19:
 398               	.L29:
 399               	.LM61:
 400 0184 B901      		movw r22,r18
 401 0186 0E94 0000 		call __udivmodhi4
 402 018a 8193      		st Z+,r24
 403               	.LM62:
 404 018c CB01      		movw r24,r22
 405               	.LVL20:
 406               	.LM63:
 407 018e E017      		cp r30,r16
 408 0190 F107      		cpc r31,r17
 409 0192 01F4      		brne .L29
 410               	.LVL21:
 411               	.LM64:
 412 0194 8E01      		movw r16,r28
 413 0196 0A5F      		subi r16,lo8(-(6))
 414 0198 1F4F      		sbci r17,hi8(-(6))
 415               	.LM65:
 416 019a 7E01      		movw r14,r28
 417 019c 0894      		sec
 418 019e E11C      		adc r14,__zero_reg__
 419 01a0 F11C      		adc r15,__zero_reg__
 420 01a2 0894      		sec
 421 01a4 E11C      		adc r14,__zero_reg__
 422 01a6 F11C      		adc r15,__zero_reg__
 423               	.LVL22:
 424               	.L30:
 425               	.LM66:
 426 01a8 F801      		movw r30,r16
 427 01aa 8291      		ld r24,-Z
 428 01ac 8F01      		movw r16,r30
 429 01ae 805D      		subi r24,lo8(-(48))
 430 01b0 0E94 0000 		call uart1_tx_char
 431               	.LM67:
 432 01b4 0E15      		cp r16,r14
 433 01b6 1F05      		cpc r17,r15
 434 01b8 01F4      		brne .L30
 435               	/* epilogue start */
 436               	.LM68:
 437 01ba 0F90      		pop __tmp_reg__
 438 01bc 0F90      		pop __tmp_reg__
 439 01be 0F90      		pop __tmp_reg__
 440 01c0 0F90      		pop __tmp_reg__
 441 01c2 0F90      		pop __tmp_reg__
 442 01c4 CF91      		pop r28
 443 01c6 DF91      		pop r29
 444 01c8 1F91      		pop r17
 445 01ca 0F91      		pop r16
 446 01cc FF90      		pop r15
 447 01ce EF90      		pop r14
 448 01d0 0895      		ret
 449               	.LFE15:
 451               	.global	uart1_rx_char
 453               	uart1_rx_char:
 454               	.LFB16:
 455               	.LM69:
 456               	/* prologue: function */
 457               	/* frame size = 0 */
 458               	/* stack size = 0 */
 459               	.L__stack_usage = 0
 460               	.L34:
 461               	.LM70:
 462 01d2 8091 9B00 		lds r24,155
 463 01d6 87FF      		sbrs r24,7
 464 01d8 00C0      		rjmp .L34
 465               	.LM71:
 466 01da 8091 9C00 		lds r24,156
 467               	/* epilogue start */
 468               	.LM72:
 469 01de 0895      		ret
 470               	.LFE16:
 472               		.data
 473               	.LC0:
 474 0000 4E55 4C4C 		.string	"NULL"
 474      00
 475               	.LC1:
 476 0005 4E75 6C6C 		.string	"Null added successfully"
 476      2061 6464 
 476      6564 2073 
 476      7563 6365 
 476      7373 6675 
 477               		.text
 478               	.global	uart1_rx_str
 480               	uart1_rx_str:
 481               	.LFB17:
 482               	.LM73:
 483 01e0 0F93      		push r16
 484 01e2 1F93      		push r17
 485 01e4 CF93      		push r28
 486 01e6 DF93      		push r29
 487               	/* prologue: function */
 488               	/* frame size = 0 */
 489               	/* stack size = 4 */
 490               	.L__stack_usage = 4
 491               	.LVL23:
 492               	.LM74:
 493 01e8 C0E0      		ldi r28,lo8(0)
 494 01ea D0E0      		ldi r29,hi8(0)
 495               	.LVL24:
 496               	.L39:
 497 01ec 8E01      		movw r16,r28
 498               	.LM75:
 499 01ee 0E94 0000 		call uart1_rx_char
 500 01f2 8883      		st Y,r24
 501               	.LM76:
 502 01f4 0E94 0000 		call uart1_tx_char
 503               	.LM77:
 504 01f8 8991      		ld r24,Y+
 505 01fa 8D30      		cpi r24,lo8(13)
 506 01fc 01F4      		brne .L37
 507               	.LM78:
 508 01fe 80E0      		ldi r24,lo8(.LC0)
 509 0200 90E0      		ldi r25,hi8(.LC0)
 510 0202 F801      		movw r30,r16
 511 0204 8083      		st Z,r24
 512               	.LM79:
 513 0206 8AE0      		ldi r24,lo8(10)
 514 0208 0E94 0000 		call uart1_tx_char
 515               	.LM80:
 516 020c 80E0      		ldi r24,lo8(.LC1)
 517 020e 90E0      		ldi r25,hi8(.LC1)
 518 0210 0E94 0000 		call uart1_tx_str
 519               	.LM81:
 520 0214 00C0      		rjmp .L38
 521               	.L37:
 522               	.LM82:
 523 0216 C436      		cpi r28,100
 524 0218 D105      		cpc r29,__zero_reg__
 525 021a 01F4      		brne .L39
 526               	.L38:
 527               	.LM83:
 528 021c 80E0      		ldi r24,lo8(0)
 529 021e 90E0      		ldi r25,hi8(0)
 530               	/* epilogue start */
 531 0220 DF91      		pop r29
 532 0222 CF91      		pop r28
 533 0224 1F91      		pop r17
 534 0226 0F91      		pop r16
 535 0228 0895      		ret
 536               	.LFE17:
 538               	.global	uart1_rx_num
 540               	uart1_rx_num:
 541               	.LFB18:
 542               	.LM84:
 543               	/* prologue: function */
 544               	/* frame size = 0 */
 545               	/* stack size = 0 */
 546               	.L__stack_usage = 0
 547               	.LM85:
 548 022a 0E94 0000 		call uart1_rx_char
 549               	.LVL25:
 550               	.LM86:
 551 022e 8053      		subi r24,lo8(-(-48))
 552               	.LVL26:
 553               	/* epilogue start */
 554 0230 0895      		ret
 555               	.LFE18:
 557               	.global	main
 559               	main:
 560               	.LFB19:
 561               	.LM87:
 562 0232 EF92      		push r14
 563 0234 FF92      		push r15
 564 0236 CF93      		push r28
 565 0238 DF93      		push r29
 566               	/* prologue: function */
 567               	/* frame size = 0 */
 568               	/* stack size = 4 */
 569               	.L__stack_usage = 4
 570               	.LM88:
 571 023a 0E94 0000 		call uart1_init
 572               	.LM89:
 573 023e 1092 0000 		sts 0,__zero_reg__
 574               	.LM90:
 575 0242 0E94 0000 		call uart1_rx_str
 576               	.LVL27:
 577 0246 E82E      		mov r14,r24
 578 0248 E701      		movw r28,r14
 579 024a 7E01      		movw r14,r28
 580 024c F92E      		mov r15,r25
 581 024e E701      		movw r28,r14
 582               	.LM91:
 583 0250 00C0      		rjmp .L43
 584               	.LVL28:
 585               	.L44:
 586               	.LM92:
 587 0252 0E94 0000 		call uart1_tx_char
 588               	.L43:
 589               	.LM93:
 590 0256 8991      		ld r24,Y+
 591 0258 8823      		tst r24
 592 025a 01F4      		brne .L44
 593               	.LM94:
 594 025c 80E0      		ldi r24,lo8(0)
 595 025e 90E0      		ldi r25,hi8(0)
 596               	/* epilogue start */
 597 0260 DF91      		pop r29
 598 0262 CF91      		pop r28
 599 0264 FF90      		pop r15
 600 0266 EF90      		pop r14
 601 0268 0895      		ret
 602               	.LFE19:
 732               	.Letext0:
DEFINED SYMBOLS
                            *ABS*:00000000 polling.c
     /tmp/ccTPwgJF.s:2      *ABS*:0000003f __SREG__
     /tmp/ccTPwgJF.s:3      *ABS*:0000003e __SP_H__
     /tmp/ccTPwgJF.s:4      *ABS*:0000003d __SP_L__
     /tmp/ccTPwgJF.s:5      *ABS*:00000034 __CCP__
     /tmp/ccTPwgJF.s:6      *ABS*:00000000 __tmp_reg__
     /tmp/ccTPwgJF.s:7      *ABS*:00000001 __zero_reg__
     /tmp/ccTPwgJF.s:18     .text:00000000 uart0_init
     /tmp/ccTPwgJF.s:44     .text:00000016 uart0_tx_char
     /tmp/ccTPwgJF.s:65     .text:0000001e uart0_tx_str
     /tmp/ccTPwgJF.s:105    .text:00000046 uart0_tx_num
     /tmp/ccTPwgJF.s:191    .text:000000b8 uart0_rx_char
     /tmp/ccTPwgJF.s:211    .text:000000c0 uart0_rx_str
     /tmp/ccTPwgJF.s:274    .text:0000010a uart1_init
     /tmp/ccTPwgJF.s:305    .text:0000012a uart1_tx_char
     /tmp/ccTPwgJF.s:327    .text:00000138 uart1_tx_str
     /tmp/ccTPwgJF.s:367    .text:00000160 uart1_tx_num
     /tmp/ccTPwgJF.s:453    .text:000001d2 uart1_rx_char
     /tmp/ccTPwgJF.s:480    .text:000001e0 uart1_rx_str
     /tmp/ccTPwgJF.s:540    .text:0000022a uart1_rx_num
     /tmp/ccTPwgJF.s:559    .text:00000232 main

UNDEFINED SYMBOLS
__udivmodhi4
__do_copy_data
